mode: set
github.com/amanelis/yolofile/helpers/file.go:32.42,33.23 1 0
github.com/amanelis/yolofile/helpers/file.go:38.2,43.16 3 0
github.com/amanelis/yolofile/helpers/file.go:47.2,51.15 4 0
github.com/amanelis/yolofile/helpers/file.go:33.23,35.3 1 0
github.com/amanelis/yolofile/helpers/file.go:43.16,45.3 1 0
github.com/amanelis/yolofile/helpers/file.go:54.33,56.2 1 0
github.com/amanelis/yolofile/helpers/file.go:57.33,59.2 1 0
github.com/amanelis/yolofile/helpers/file.go:61.32,63.2 1 0
github.com/amanelis/yolofile/helpers/file.go:64.32,66.2 1 0
github.com/amanelis/yolofile/helpers/file.go:69.60,72.16 2 0
github.com/amanelis/yolofile/helpers/file.go:75.2,78.21 3 0
github.com/amanelis/yolofile/helpers/file.go:82.2,87.16 5 0
github.com/amanelis/yolofile/helpers/file.go:91.2,91.19 1 0
github.com/amanelis/yolofile/helpers/file.go:72.16,74.3 1 0
github.com/amanelis/yolofile/helpers/file.go:78.21,80.3 1 0
github.com/amanelis/yolofile/helpers/file.go:87.16,89.3 1 0
github.com/amanelis/yolofile/helpers/file.go:95.35,96.41 1 1
github.com/amanelis/yolofile/helpers/file.go:102.2,102.13 1 1
github.com/amanelis/yolofile/helpers/file.go:96.41,97.25 1 1
github.com/amanelis/yolofile/helpers/file.go:97.25,99.4 1 1
github.com/amanelis/yolofile/helpers/file.go:106.27,111.2 3 0
github.com/amanelis/yolofile/helpers/file.go:114.28,119.41 3 1
github.com/amanelis/yolofile/helpers/file.go:125.3,125.14 1 0
github.com/amanelis/yolofile/helpers/file.go:119.41,120.27 1 1
github.com/amanelis/yolofile/helpers/file.go:120.27,122.6 1 1
